<?xml version="1.0" encoding="UTF-8"?>
<coverage generated="1587583545">
  <project timestamp="1587583545">
    <package name="BlueprintDraftFromMySQLSource">
      <file name="/Users/tdewit/projects/blueprint-draft-from-mysql-source/src/BlueprintDraftFromMySQLSourceServiceProvider.php">
        <class name="BlueprintDraftFromMySQLSource\BlueprintDraftFromMySQLSourceServiceProvider" namespace="BlueprintDraftFromMySQLSource">
          <metrics complexity="2" methods="1" coveredmethods="1" conditionals="0" coveredconditionals="0" statements="7" coveredstatements="7" elements="8" coveredelements="8"/>
        </class>
        <line num="15" type="method" name="boot" visibility="public" complexity="2" crap="2" count="77"/>
        <line num="17" type="stmt" count="77"/>
        <line num="18" type="stmt" count="1"/>
        <line num="21" type="stmt" count="1"/>
        <line num="24" type="stmt" count="1"/>
        <line num="27" type="stmt" count="1"/>
        <line num="29" type="stmt" count="1"/>
        <line num="31" type="stmt" count="77"/>
        <metrics loc="32" ncloc="29" classes="1" methods="1" coveredmethods="1" conditionals="0" coveredconditionals="0" statements="7" coveredstatements="7" elements="8" coveredelements="8"/>
      </file>
      <file name="/Users/tdewit/projects/blueprint-draft-from-mysql-source/src/BlueprintDraftGenerator.php">
        <class name="BlueprintDraftFromMySQLSource\BlueprintDraftGenerator" namespace="BlueprintDraftFromMySQLSource">
          <metrics complexity="9" methods="5" coveredmethods="5" conditionals="0" coveredconditionals="0" statements="27" coveredstatements="27" elements="32" coveredelements="32"/>
        </class>
        <line num="18" type="method" name="addTable" visibility="public" complexity="1" crap="1" count="1"/>
        <line num="20" type="stmt" count="1"/>
        <line num="21" type="stmt" count="1"/>
        <line num="26" type="method" name="generateModelDefinitionForTables" visibility="public" complexity="2" crap="2" count="1"/>
        <line num="28" type="stmt" count="1"/>
        <line num="31" type="stmt" count="1"/>
        <line num="32" type="stmt" count="1"/>
        <line num="33" type="stmt" count="1"/>
        <line num="35" type="stmt" count="1"/>
        <line num="38" type="stmt" count="1"/>
        <line num="44" type="method" name="generateModelDefinitionForTable" visibility="public" complexity="1" crap="1" count="5"/>
        <line num="46" type="stmt" count="5"/>
        <line num="48" type="stmt" count="5"/>
        <line num="50" type="stmt" count="5"/>
        <line num="53" type="stmt" count="5"/>
        <line num="60" type="method" name="generateColumnDefinitions" visibility="private" complexity="1" crap="1" count="5"/>
        <line num="62" type="stmt" count="5"/>
        <line num="64" type="stmt" count="5"/>
        <line num="66" type="stmt" count="5"/>
        <line num="69" type="stmt" count="5"/>
        <line num="71" type="stmt" count="5"/>
        <line num="72" type="stmt" count="5"/>
        <line num="73" type="stmt" count="5"/>
        <line num="82" type="method" name="convertToShorthands" visibility="private" complexity="4" crap="4" count="5"/>
        <line num="85" type="stmt" count="5"/>
        <line num="86" type="stmt" count="5"/>
        <line num="88" type="stmt" count="3"/>
        <line num="90" type="stmt" count="3"/>
        <line num="94" type="stmt" count="5"/>
        <line num="96" type="stmt" count="1"/>
        <line num="98" type="stmt" count="1"/>
        <line num="101" type="stmt" count="5"/>
        <metrics loc="103" ncloc="86" classes="1" methods="5" coveredmethods="5" conditionals="0" coveredconditionals="0" statements="27" coveredstatements="27" elements="32" coveredelements="32"/>
      </file>
      <file name="/Users/tdewit/projects/blueprint-draft-from-mysql-source/src/DataTypes.php">
        <class name="BlueprintDraftFromMySQLSource\DataTypes" namespace="BlueprintDraftFromMySQLSource">
          <metrics complexity="0" methods="0" coveredmethods="0" conditionals="0" coveredconditionals="0" statements="0" coveredstatements="0" elements="0" coveredelements="0"/>
        </class>
        <metrics loc="23" ncloc="23" classes="0" methods="0" coveredmethods="0" conditionals="0" coveredconditionals="0" statements="0" coveredstatements="0" elements="0" coveredelements="0"/>
      </file>
    </package>
    <package name="BlueprintDraftFromMySQLSource\Columns">
      <file name="/Users/tdewit/projects/blueprint-draft-from-mysql-source/src/Columns/AbstractColumn.php">
        <class name="BlueprintDraftFromMySQLSource\Columns\AbstractColumn" namespace="BlueprintDraftFromMySQLSource\Columns">
          <metrics complexity="16" methods="6" coveredmethods="6" conditionals="0" coveredconditionals="0" statements="33" coveredstatements="33" elements="39" coveredelements="39"/>
        </class>
        <line num="29" type="method" name="__construct" visibility="public" complexity="1" crap="1" count="69"/>
        <line num="31" type="stmt" count="69"/>
        <line num="33" type="stmt" count="69"/>
        <line num="34" type="stmt" count="69"/>
        <line num="36" type="method" name="getTable" visibility="public" complexity="1" crap="1" count="5"/>
        <line num="38" type="stmt" count="5"/>
        <line num="41" type="method" name="getColumn" visibility="public" complexity="1" crap="1" count="5"/>
        <line num="43" type="stmt" count="5"/>
        <line num="46" type="method" name="getLength" visibility="public" complexity="2" crap="2" count="5"/>
        <line num="48" type="stmt" count="5"/>
        <line num="51" type="method" name="isNullable" visibility="public" complexity="1" crap="1" count="5"/>
        <line num="53" type="stmt" count="5"/>
        <line num="56" type="method" name="getColumnDefinition" visibility="public" complexity="10" crap="10" count="5"/>
        <line num="58" type="stmt" count="5"/>
        <line num="60" type="stmt" count="5"/>
        <line num="61" type="stmt" count="5"/>
        <line num="62" type="stmt" count="5"/>
        <line num="63" type="stmt" count="5"/>
        <line num="64" type="stmt" count="5"/>
        <line num="68" type="stmt" count="5"/>
        <line num="69" type="stmt" count="5"/>
        <line num="72" type="stmt" count="5"/>
        <line num="73" type="stmt" count="5"/>
        <line num="75" type="stmt" count="2"/>
        <line num="76" type="stmt" count="2"/>
        <line num="77" type="stmt" count="2"/>
        <line num="78" type="stmt" count="2"/>
        <line num="83" type="stmt" count="5"/>
        <line num="85" type="stmt" count="2"/>
        <line num="87" type="stmt" count="2"/>
        <line num="88" type="stmt" count="2"/>
        <line num="90" type="stmt" count="2"/>
        <line num="92" type="stmt" count="2"/>
        <line num="93" type="stmt" count="1"/>
        <line num="94" type="stmt" count="1"/>
        <line num="95" type="stmt" count="1"/>
        <line num="96" type="stmt" count="1"/>
        <line num="99" type="stmt" count="2"/>
        <line num="105" type="stmt" count="5"/>
        <metrics loc="107" ncloc="100" classes="1" methods="6" coveredmethods="6" conditionals="0" coveredconditionals="0" statements="33" coveredstatements="33" elements="39" coveredelements="39"/>
      </file>
    </package>
    <package name="BlueprintDraftFromMySQLSource\Columns\Boolean">
      <file name="/Users/tdewit/projects/blueprint-draft-from-mysql-source/src/Columns/Boolean/BooleanColumn.php">
        <class name="BlueprintDraftFromMySQLSource\Columns\Boolean\BooleanColumn" namespace="BlueprintDraftFromMySQLSource\Columns\Boolean">
          <metrics complexity="1" methods="1" coveredmethods="1" conditionals="0" coveredconditionals="0" statements="1" coveredstatements="1" elements="2" coveredelements="2"/>
        </class>
        <line num="11" type="method" name="getDataType" visibility="public" complexity="1" crap="1" count="4"/>
        <line num="13" type="stmt" count="4"/>
        <metrics loc="15" ncloc="15" classes="1" methods="1" coveredmethods="1" conditionals="0" coveredconditionals="0" statements="1" coveredstatements="1" elements="2" coveredelements="2"/>
      </file>
    </package>
    <package name="BlueprintDraftFromMySQLSource\Columns\Date">
      <file name="/Users/tdewit/projects/blueprint-draft-from-mysql-source/src/Columns/Date/DateColumn.php">
        <class name="BlueprintDraftFromMySQLSource\Columns\Date\DateColumn" namespace="BlueprintDraftFromMySQLSource\Columns\Date">
          <metrics complexity="1" methods="1" coveredmethods="1" conditionals="0" coveredconditionals="0" statements="1" coveredstatements="1" elements="2" coveredelements="2"/>
        </class>
        <line num="11" type="method" name="getDataType" visibility="public" complexity="1" crap="1" count="2"/>
        <line num="13" type="stmt" count="2"/>
        <metrics loc="15" ncloc="15" classes="1" methods="1" coveredmethods="1" conditionals="0" coveredconditionals="0" statements="1" coveredstatements="1" elements="2" coveredelements="2"/>
      </file>
      <file name="/Users/tdewit/projects/blueprint-draft-from-mysql-source/src/Columns/Date/DateTimeColumn.php">
        <class name="BlueprintDraftFromMySQLSource\Columns\Date\DateTimeColumn" namespace="BlueprintDraftFromMySQLSource\Columns\Date">
          <metrics complexity="1" methods="1" coveredmethods="1" conditionals="0" coveredconditionals="0" statements="1" coveredstatements="1" elements="2" coveredelements="2"/>
        </class>
        <line num="11" type="method" name="getDataType" visibility="public" complexity="1" crap="1" count="2"/>
        <line num="13" type="stmt" count="2"/>
        <metrics loc="15" ncloc="15" classes="1" methods="1" coveredmethods="1" conditionals="0" coveredconditionals="0" statements="1" coveredstatements="1" elements="2" coveredelements="2"/>
      </file>
      <file name="/Users/tdewit/projects/blueprint-draft-from-mysql-source/src/Columns/Date/TimestampColumn.php">
        <class name="BlueprintDraftFromMySQLSource\Columns\Date\TimestampColumn" namespace="BlueprintDraftFromMySQLSource\Columns\Date">
          <metrics complexity="1" methods="1" coveredmethods="1" conditionals="0" coveredconditionals="0" statements="1" coveredstatements="1" elements="2" coveredelements="2"/>
        </class>
        <line num="11" type="method" name="getDataType" visibility="public" complexity="1" crap="1" count="7"/>
        <line num="13" type="stmt" count="7"/>
        <metrics loc="15" ncloc="15" classes="1" methods="1" coveredmethods="1" conditionals="0" coveredconditionals="0" statements="1" coveredstatements="1" elements="2" coveredelements="2"/>
      </file>
    </package>
    <package name="BlueprintDraftFromMySQLSource\Columns\Integer">
      <file name="/Users/tdewit/projects/blueprint-draft-from-mysql-source/src/Columns/Integer/BigIncrementsColumn.php">
        <class name="BlueprintDraftFromMySQLSource\Columns\Integer\BigIncrementsColumn" namespace="BlueprintDraftFromMySQLSource\Columns\Integer">
          <metrics complexity="1" methods="1" coveredmethods="1" conditionals="0" coveredconditionals="0" statements="1" coveredstatements="1" elements="2" coveredelements="2"/>
        </class>
        <line num="11" type="method" name="getDataType" visibility="public" complexity="1" crap="1" count="1"/>
        <line num="13" type="stmt" count="1"/>
        <metrics loc="15" ncloc="15" classes="1" methods="1" coveredmethods="1" conditionals="0" coveredconditionals="0" statements="1" coveredstatements="1" elements="2" coveredelements="2"/>
      </file>
      <file name="/Users/tdewit/projects/blueprint-draft-from-mysql-source/src/Columns/Integer/BigIntegerColumn.php">
        <class name="BlueprintDraftFromMySQLSource\Columns\Integer\BigIntegerColumn" namespace="BlueprintDraftFromMySQLSource\Columns\Integer">
          <metrics complexity="1" methods="1" coveredmethods="1" conditionals="0" coveredconditionals="0" statements="1" coveredstatements="1" elements="2" coveredelements="2"/>
        </class>
        <line num="11" type="method" name="getDataType" visibility="public" complexity="1" crap="1" count="4"/>
        <line num="13" type="stmt" count="4"/>
        <metrics loc="15" ncloc="15" classes="1" methods="1" coveredmethods="1" conditionals="0" coveredconditionals="0" statements="1" coveredstatements="1" elements="2" coveredelements="2"/>
      </file>
      <file name="/Users/tdewit/projects/blueprint-draft-from-mysql-source/src/Columns/Integer/IncrementsColumn.php">
        <class name="BlueprintDraftFromMySQLSource\Columns\Integer\IncrementsColumn" namespace="BlueprintDraftFromMySQLSource\Columns\Integer">
          <metrics complexity="1" methods="1" coveredmethods="1" conditionals="0" coveredconditionals="0" statements="1" coveredstatements="1" elements="2" coveredelements="2"/>
        </class>
        <line num="11" type="method" name="getDataType" visibility="public" complexity="1" crap="1" count="1"/>
        <line num="13" type="stmt" count="1"/>
        <metrics loc="15" ncloc="15" classes="1" methods="1" coveredmethods="1" conditionals="0" coveredconditionals="0" statements="1" coveredstatements="1" elements="2" coveredelements="2"/>
      </file>
      <file name="/Users/tdewit/projects/blueprint-draft-from-mysql-source/src/Columns/Integer/IntegerColumn.php">
        <class name="BlueprintDraftFromMySQLSource\Columns\Integer\IntegerColumn" namespace="BlueprintDraftFromMySQLSource\Columns\Integer">
          <metrics complexity="1" methods="1" coveredmethods="1" conditionals="0" coveredconditionals="0" statements="1" coveredstatements="1" elements="2" coveredelements="2"/>
        </class>
        <line num="11" type="method" name="getDataType" visibility="public" complexity="1" crap="1" count="4"/>
        <line num="13" type="stmt" count="4"/>
        <metrics loc="15" ncloc="15" classes="1" methods="1" coveredmethods="1" conditionals="0" coveredconditionals="0" statements="1" coveredstatements="1" elements="2" coveredelements="2"/>
      </file>
      <file name="/Users/tdewit/projects/blueprint-draft-from-mysql-source/src/Columns/Integer/SmallIncrementsColumn.php">
        <class name="BlueprintDraftFromMySQLSource\Columns\Integer\SmallIncrementsColumn" namespace="BlueprintDraftFromMySQLSource\Columns\Integer">
          <metrics complexity="1" methods="1" coveredmethods="1" conditionals="0" coveredconditionals="0" statements="1" coveredstatements="1" elements="2" coveredelements="2"/>
        </class>
        <line num="11" type="method" name="getDataType" visibility="public" complexity="1" crap="1" count="1"/>
        <line num="13" type="stmt" count="1"/>
        <metrics loc="15" ncloc="15" classes="1" methods="1" coveredmethods="1" conditionals="0" coveredconditionals="0" statements="1" coveredstatements="1" elements="2" coveredelements="2"/>
      </file>
      <file name="/Users/tdewit/projects/blueprint-draft-from-mysql-source/src/Columns/Integer/SmallIntegerColumn.php">
        <class name="BlueprintDraftFromMySQLSource\Columns\Integer\SmallIntegerColumn" namespace="BlueprintDraftFromMySQLSource\Columns\Integer">
          <metrics complexity="1" methods="1" coveredmethods="1" conditionals="0" coveredconditionals="0" statements="1" coveredstatements="1" elements="2" coveredelements="2"/>
        </class>
        <line num="11" type="method" name="getDataType" visibility="public" complexity="1" crap="1" count="2"/>
        <line num="13" type="stmt" count="2"/>
        <metrics loc="15" ncloc="15" classes="1" methods="1" coveredmethods="1" conditionals="0" coveredconditionals="0" statements="1" coveredstatements="1" elements="2" coveredelements="2"/>
      </file>
    </package>
    <package name="BlueprintDraftFromMySQLSource\Columns\Json">
      <file name="/Users/tdewit/projects/blueprint-draft-from-mysql-source/src/Columns/Json/JsonColumn.php">
        <class name="BlueprintDraftFromMySQLSource\Columns\Json\JsonColumn" namespace="BlueprintDraftFromMySQLSource\Columns\Json">
          <metrics complexity="1" methods="1" coveredmethods="1" conditionals="0" coveredconditionals="0" statements="1" coveredstatements="1" elements="2" coveredelements="2"/>
        </class>
        <line num="11" type="method" name="getDataType" visibility="public" complexity="1" crap="1" count="2"/>
        <line num="13" type="stmt" count="2"/>
        <metrics loc="15" ncloc="15" classes="1" methods="1" coveredmethods="1" conditionals="0" coveredconditionals="0" statements="1" coveredstatements="1" elements="2" coveredelements="2"/>
      </file>
    </package>
    <package name="BlueprintDraftFromMySQLSource\Columns\String">
      <file name="/Users/tdewit/projects/blueprint-draft-from-mysql-source/src/Columns/String/StringColumn.php">
        <class name="BlueprintDraftFromMySQLSource\Columns\String\StringColumn" namespace="BlueprintDraftFromMySQLSource\Columns\String">
          <metrics complexity="2" methods="2" coveredmethods="2" conditionals="0" coveredconditionals="0" statements="2" coveredstatements="2" elements="4" coveredelements="4"/>
        </class>
        <line num="13" type="method" name="getDataType" visibility="public" complexity="1" crap="1" count="9"/>
        <line num="15" type="stmt" count="9"/>
        <line num="18" type="method" name="hasCustomLength" visibility="public" complexity="1" crap="1" count="5"/>
        <line num="20" type="stmt" count="5"/>
        <metrics loc="22" ncloc="22" classes="1" methods="2" coveredmethods="2" conditionals="0" coveredconditionals="0" statements="2" coveredstatements="2" elements="4" coveredelements="4"/>
      </file>
    </package>
    <package name="BlueprintDraftFromMySQLSource\Columns\Text">
      <file name="/Users/tdewit/projects/blueprint-draft-from-mysql-source/src/Columns/Text/LongTextColumn.php">
        <class name="BlueprintDraftFromMySQLSource\Columns\Text\LongTextColumn" namespace="BlueprintDraftFromMySQLSource\Columns\Text">
          <metrics complexity="1" methods="1" coveredmethods="1" conditionals="0" coveredconditionals="0" statements="1" coveredstatements="1" elements="2" coveredelements="2"/>
        </class>
        <line num="11" type="method" name="getDataType" visibility="public" complexity="1" crap="1" count="3"/>
        <line num="13" type="stmt" count="3"/>
        <metrics loc="15" ncloc="15" classes="1" methods="1" coveredmethods="1" conditionals="0" coveredconditionals="0" statements="1" coveredstatements="1" elements="2" coveredelements="2"/>
      </file>
      <file name="/Users/tdewit/projects/blueprint-draft-from-mysql-source/src/Columns/Text/MediumTextColumn.php">
        <class name="BlueprintDraftFromMySQLSource\Columns\Text\MediumTextColumn" namespace="BlueprintDraftFromMySQLSource\Columns\Text">
          <metrics complexity="1" methods="1" coveredmethods="1" conditionals="0" coveredconditionals="0" statements="1" coveredstatements="1" elements="2" coveredelements="2"/>
        </class>
        <line num="11" type="method" name="getDataType" visibility="public" complexity="1" crap="1" count="1"/>
        <line num="13" type="stmt" count="1"/>
        <metrics loc="15" ncloc="15" classes="1" methods="1" coveredmethods="1" conditionals="0" coveredconditionals="0" statements="1" coveredstatements="1" elements="2" coveredelements="2"/>
      </file>
      <file name="/Users/tdewit/projects/blueprint-draft-from-mysql-source/src/Columns/Text/TextColumn.php">
        <class name="BlueprintDraftFromMySQLSource\Columns\Text\TextColumn" namespace="BlueprintDraftFromMySQLSource\Columns\Text">
          <metrics complexity="1" methods="1" coveredmethods="1" conditionals="0" coveredconditionals="0" statements="1" coveredstatements="1" elements="2" coveredelements="2"/>
        </class>
        <line num="11" type="method" name="getDataType" visibility="public" complexity="1" crap="1" count="1"/>
        <line num="13" type="stmt" count="1"/>
        <metrics loc="15" ncloc="15" classes="1" methods="1" coveredmethods="1" conditionals="0" coveredconditionals="0" statements="1" coveredstatements="1" elements="2" coveredelements="2"/>
      </file>
    </package>
    <package name="BlueprintDraftFromMySQLSource\Columns\Time">
      <file name="/Users/tdewit/projects/blueprint-draft-from-mysql-source/src/Columns/Time/TimeColumn.php">
        <class name="BlueprintDraftFromMySQLSource\Columns\Time\TimeColumn" namespace="BlueprintDraftFromMySQLSource\Columns\Time">
          <metrics complexity="1" methods="1" coveredmethods="1" conditionals="0" coveredconditionals="0" statements="1" coveredstatements="1" elements="2" coveredelements="2"/>
        </class>
        <line num="11" type="method" name="getDataType" visibility="public" complexity="1" crap="1" count="2"/>
        <line num="13" type="stmt" count="2"/>
        <metrics loc="15" ncloc="15" classes="1" methods="1" coveredmethods="1" conditionals="0" coveredconditionals="0" statements="1" coveredstatements="1" elements="2" coveredelements="2"/>
      </file>
    </package>
    <package name="BlueprintDraftFromMySQLSource\Exceptions">
      <file name="/Users/tdewit/projects/blueprint-draft-from-mysql-source/src/Exceptions/UnsupportedColumnException.php">
        <class name="BlueprintDraftFromMySQLSource\Exceptions\UnsupportedColumnException" namespace="BlueprintDraftFromMySQLSource\Exceptions">
          <metrics complexity="0" methods="0" coveredmethods="0" conditionals="0" coveredconditionals="0" statements="0" coveredstatements="0" elements="0" coveredelements="0"/>
        </class>
        <metrics loc="7" ncloc="7" classes="0" methods="0" coveredmethods="0" conditionals="0" coveredconditionals="0" statements="0" coveredstatements="0" elements="0" coveredelements="0"/>
      </file>
    </package>
    <package name="BlueprintDraftFromMySQLSource\Factories">
      <file name="/Users/tdewit/projects/blueprint-draft-from-mysql-source/src/Factories/ColumnFactory.php">
        <class name="BlueprintDraftFromMySQLSource\Factories\ColumnFactory" namespace="BlueprintDraftFromMySQLSource\Factories">
          <metrics complexity="12" methods="1" coveredmethods="1" conditionals="0" coveredconditionals="0" statements="20" coveredstatements="20" elements="21" coveredelements="21"/>
        </class>
        <line num="27" type="method" name="buildColumn" visibility="public" complexity="12" crap="12" count="48"/>
        <line num="29" type="stmt" count="48"/>
        <line num="30" type="stmt" count="48"/>
        <line num="31" type="stmt" count="5"/>
        <line num="32" type="stmt" count="45"/>
        <line num="33" type="stmt" count="13"/>
        <line num="34" type="stmt" count="37"/>
        <line num="35" type="stmt" count="35"/>
        <line num="36" type="stmt" count="33"/>
        <line num="37" type="stmt" count="11"/>
        <line num="38" type="stmt" count="28"/>
        <line num="39" type="stmt" count="2"/>
        <line num="40" type="stmt" count="26"/>
        <line num="41" type="stmt" count="21"/>
        <line num="42" type="stmt" count="18"/>
        <line num="43" type="stmt" count="13"/>
        <line num="44" type="stmt" count="13"/>
        <line num="45" type="stmt" count="8"/>
        <line num="46" type="stmt" count="5"/>
        <line num="47" type="stmt" count="4"/>
        <line num="49" type="stmt" count="1"/>
        <metrics loc="52" ncloc="52" classes="1" methods="1" coveredmethods="1" conditionals="0" coveredconditionals="0" statements="20" coveredstatements="20" elements="21" coveredelements="21"/>
      </file>
      <file name="/Users/tdewit/projects/blueprint-draft-from-mysql-source/src/Factories/DateColumnFactory.php">
        <class name="BlueprintDraftFromMySQLSource\Factories\DateColumnFactory" namespace="BlueprintDraftFromMySQLSource\Factories">
          <metrics complexity="4" methods="1" coveredmethods="1" conditionals="0" coveredconditionals="0" statements="7" coveredstatements="7" elements="8" coveredelements="8"/>
        </class>
        <line num="19" type="method" name="buildColumn" visibility="public" complexity="4" crap="4" count="18"/>
        <line num="21" type="stmt" count="18"/>
        <line num="22" type="stmt" count="4"/>
        <line num="25" type="stmt" count="14"/>
        <line num="26" type="stmt" count="4"/>
        <line num="29" type="stmt" count="10"/>
        <line num="30" type="stmt" count="9"/>
        <line num="33" type="stmt" count="1"/>
        <metrics loc="35" ncloc="35" classes="1" methods="1" coveredmethods="1" conditionals="0" coveredconditionals="0" statements="7" coveredstatements="7" elements="8" coveredelements="8"/>
      </file>
      <file name="/Users/tdewit/projects/blueprint-draft-from-mysql-source/src/Factories/IncrementColumnFactory.php">
        <class name="BlueprintDraftFromMySQLSource\Factories\IncrementColumnFactory" namespace="BlueprintDraftFromMySQLSource\Factories">
          <metrics complexity="3" methods="1" coveredmethods="1" conditionals="0" coveredconditionals="0" statements="6" coveredstatements="6" elements="7" coveredelements="7"/>
        </class>
        <line num="17" type="method" name="buildColumn" visibility="public" complexity="3" crap="3" count="6"/>
        <line num="19" type="stmt" count="6"/>
        <line num="20" type="stmt" count="6"/>
        <line num="21" type="stmt" count="2"/>
        <line num="22" type="stmt" count="4"/>
        <line num="23" type="stmt" count="2"/>
        <line num="25" type="stmt" count="2"/>
        <metrics loc="28" ncloc="28" classes="1" methods="1" coveredmethods="1" conditionals="0" coveredconditionals="0" statements="6" coveredstatements="6" elements="7" coveredelements="7"/>
      </file>
      <file name="/Users/tdewit/projects/blueprint-draft-from-mysql-source/src/Factories/IntegerColumnFactory.php">
        <class name="BlueprintDraftFromMySQLSource\Factories\IntegerColumnFactory" namespace="BlueprintDraftFromMySQLSource\Factories">
          <metrics complexity="4" methods="1" coveredmethods="1" conditionals="0" coveredconditionals="0" statements="8" coveredstatements="8" elements="9" coveredelements="9"/>
        </class>
        <line num="17" type="method" name="buildColumn" visibility="public" complexity="4" crap="4" count="21"/>
        <line num="19" type="stmt" count="21"/>
        <line num="20" type="stmt" count="3"/>
        <line num="23" type="stmt" count="18"/>
        <line num="24" type="stmt" count="18"/>
        <line num="25" type="stmt" count="4"/>
        <line num="26" type="stmt" count="14"/>
        <line num="27" type="stmt" count="6"/>
        <line num="29" type="stmt" count="8"/>
        <metrics loc="32" ncloc="32" classes="1" methods="1" coveredmethods="1" conditionals="0" coveredconditionals="0" statements="8" coveredstatements="8" elements="9" coveredelements="9"/>
      </file>
      <file name="/Users/tdewit/projects/blueprint-draft-from-mysql-source/src/Factories/TextColumnFactory.php">
        <class name="BlueprintDraftFromMySQLSource\Factories\TextColumnFactory" namespace="BlueprintDraftFromMySQLSource\Factories">
          <metrics complexity="5" methods="3" coveredmethods="3" conditionals="0" coveredconditionals="0" statements="7" coveredstatements="7" elements="10" coveredelements="10"/>
        </class>
        <line num="16" type="method" name="buildColumn" visibility="public" complexity="3" crap="3" count="8"/>
        <line num="18" type="stmt" count="8"/>
        <line num="19" type="stmt" count="2"/>
        <line num="22" type="stmt" count="6"/>
        <line num="23" type="stmt" count="2"/>
        <line num="26" type="stmt" count="4"/>
        <line num="29" type="method" name="isText" visibility="private" complexity="1" crap="1" count="8"/>
        <line num="31" type="stmt" count="8"/>
        <line num="34" type="method" name="isMediumText" visibility="private" complexity="1" crap="1" count="6"/>
        <line num="36" type="stmt" count="6"/>
        <metrics loc="38" ncloc="38" classes="1" methods="3" coveredmethods="3" conditionals="0" coveredconditionals="0" statements="7" coveredstatements="7" elements="10" coveredelements="10"/>
      </file>
      <file name="/Users/tdewit/projects/blueprint-draft-from-mysql-source/src/Factories/TimeColumnFactory.php">
        <class name="BlueprintDraftFromMySQLSource\Factories\TimeColumnFactory" namespace="BlueprintDraftFromMySQLSource\Factories">
          <metrics complexity="2" methods="1" coveredmethods="1" conditionals="0" coveredconditionals="0" statements="3" coveredstatements="3" elements="4" coveredelements="4"/>
        </class>
        <line num="15" type="method" name="buildColumn" visibility="public" complexity="2" crap="2" count="5"/>
        <line num="17" type="stmt" count="5"/>
        <line num="18" type="stmt" count="4"/>
        <line num="21" type="stmt" count="1"/>
        <metrics loc="23" ncloc="23" classes="1" methods="1" coveredmethods="1" conditionals="0" coveredconditionals="0" statements="3" coveredstatements="3" elements="4" coveredelements="4"/>
      </file>
    </package>
    <file name="/Users/tdewit/projects/blueprint-draft-from-mysql-source/src/Interfaces/BuildColumnInterface.php">
      <metrics loc="11" ncloc="11" classes="0" methods="0" coveredmethods="0" conditionals="0" coveredconditionals="0" statements="0" coveredstatements="0" elements="0" coveredelements="0"/>
    </file>
    <file name="/Users/tdewit/projects/blueprint-draft-from-mysql-source/src/Interfaces/ColumnCustomLengthInterface.php">
      <metrics loc="8" ncloc="8" classes="0" methods="0" coveredmethods="0" conditionals="0" coveredconditionals="0" statements="0" coveredstatements="0" elements="0" coveredelements="0"/>
    </file>
    <file name="/Users/tdewit/projects/blueprint-draft-from-mysql-source/src/Interfaces/ColumnDataTypeInterface.php">
      <metrics loc="8" ncloc="8" classes="0" methods="0" coveredmethods="0" conditionals="0" coveredconditionals="0" statements="0" coveredstatements="0" elements="0" coveredelements="0"/>
    </file>
    <file name="/Users/tdewit/projects/blueprint-draft-from-mysql-source/src/Interfaces/ColumnDefinitionInterface.php">
      <metrics loc="8" ncloc="8" classes="0" methods="0" coveredmethods="0" conditionals="0" coveredconditionals="0" statements="0" coveredstatements="0" elements="0" coveredelements="0"/>
    </file>
    <file name="/Users/tdewit/projects/blueprint-draft-from-mysql-source/src/Interfaces/ColumnInterface.php">
      <metrics loc="13" ncloc="13" classes="0" methods="0" coveredmethods="0" conditionals="0" coveredconditionals="0" statements="0" coveredstatements="0" elements="0" coveredelements="0"/>
    </file>
    <file name="/Users/tdewit/projects/blueprint-draft-from-mysql-source/src/Interfaces/ColumnLengthInterface.php">
      <metrics loc="8" ncloc="8" classes="0" methods="0" coveredmethods="0" conditionals="0" coveredconditionals="0" statements="0" coveredstatements="0" elements="0" coveredelements="0"/>
    </file>
    <file name="/Users/tdewit/projects/blueprint-draft-from-mysql-source/src/Interfaces/NullableColumnInterface.php">
      <metrics loc="8" ncloc="8" classes="0" methods="0" coveredmethods="0" conditionals="0" coveredconditionals="0" statements="0" coveredstatements="0" elements="0" coveredelements="0"/>
    </file>
    <package name="BlueprintDraftFromMySQLSource\Types">
      <file name="/Users/tdewit/projects/blueprint-draft-from-mysql-source/src/Types/TimestampType.php">
        <class name="BlueprintDraftFromMySQLSource\Types\TimestampType" namespace="BlueprintDraftFromMySQLSource\Types">
          <metrics complexity="7" methods="5" coveredmethods="5" conditionals="0" coveredconditionals="0" statements="10" coveredstatements="10" elements="15" coveredelements="15"/>
        </class>
        <line num="13" type="method" name="getSQLDeclaration" visibility="public" complexity="1" crap="1" count="1"/>
        <line num="15" type="stmt" count="1"/>
        <line num="18" type="method" name="convertToPHPValue" visibility="public" complexity="3" crap="3" count="3"/>
        <line num="20" type="stmt" count="3"/>
        <line num="21" type="stmt" count="1"/>
        <line num="24" type="stmt" count="2"/>
        <line num="26" type="stmt" count="2"/>
        <line num="27" type="stmt" count="1"/>
        <line num="30" type="stmt" count="1"/>
        <line num="33" type="method" name="convertToDatabaseValue" visibility="public" complexity="1" crap="1" count="1"/>
        <line num="35" type="stmt" count="1"/>
        <line num="38" type="method" name="getName" visibility="public" complexity="1" crap="1" count="2"/>
        <line num="40" type="stmt" count="2"/>
        <line num="43" type="method" name="getMappedDatabaseTypes" visibility="public" complexity="1" crap="1" count="71"/>
        <line num="46" type="stmt" count="71"/>
        <metrics loc="49" ncloc="49" classes="1" methods="5" coveredmethods="5" conditionals="0" coveredconditionals="0" statements="10" coveredstatements="10" elements="15" coveredelements="15"/>
      </file>
    </package>
    <metrics files="35" loc="840" ncloc="813" classes="26" methods="42" coveredmethods="42" conditionals="0" coveredconditionals="0" statements="145" coveredstatements="145" elements="187" coveredelements="187"/>
  </project>
</coverage>
